26-Sep-2023 22:34:10.912 INFO [main] org.apache.catalina.startup.VersionLoggerListener.log Server version name:   Apache Tomcat/10.1.13
26-Sep-2023 22:34:10.920 INFO [main] org.apache.catalina.startup.VersionLoggerListener.log Server built:          Aug 23 2023 21:34:59 UTC
26-Sep-2023 22:34:10.920 INFO [main] org.apache.catalina.startup.VersionLoggerListener.log Server version number: 10.1.13.0
26-Sep-2023 22:34:10.920 INFO [main] org.apache.catalina.startup.VersionLoggerListener.log OS Name:               Windows 11
26-Sep-2023 22:34:10.921 INFO [main] org.apache.catalina.startup.VersionLoggerListener.log Версия ОС:             10.0
26-Sep-2023 22:34:10.922 INFO [main] org.apache.catalina.startup.VersionLoggerListener.log Архитектура:           amd64
26-Sep-2023 22:34:10.922 INFO [main] org.apache.catalina.startup.VersionLoggerListener.log Java Home:             C:\Java\jdk20
26-Sep-2023 22:34:10.922 INFO [main] org.apache.catalina.startup.VersionLoggerListener.log Версия JVM:            20.0.1+9-29
26-Sep-2023 22:34:10.923 INFO [main] org.apache.catalina.startup.VersionLoggerListener.log JVM Vendor:            Oracle Corporation
26-Sep-2023 22:34:10.924 INFO [main] org.apache.catalina.startup.VersionLoggerListener.log CATALINA_BASE:         C:\DevPrograms\apache-tomcat-10.1.13
26-Sep-2023 22:34:10.924 INFO [main] org.apache.catalina.startup.VersionLoggerListener.log CATALINA_HOME:         C:\DevPrograms\apache-tomcat-10.1.13
26-Sep-2023 22:34:10.945 INFO [main] org.apache.catalina.startup.VersionLoggerListener.log Command line argument: -Djava.util.logging.config.file=C:\DevPrograms\apache-tomcat-10.1.13\conf\logging.properties
26-Sep-2023 22:34:10.945 INFO [main] org.apache.catalina.startup.VersionLoggerListener.log Command line argument: -Djava.util.logging.manager=org.apache.juli.ClassLoaderLogManager
26-Sep-2023 22:34:10.946 INFO [main] org.apache.catalina.startup.VersionLoggerListener.log Command line argument: -Djdk.tls.ephemeralDHKeySize=2048
26-Sep-2023 22:34:10.946 INFO [main] org.apache.catalina.startup.VersionLoggerListener.log Command line argument: -Djava.protocol.handler.pkgs=org.apache.catalina.webresources
26-Sep-2023 22:34:10.946 INFO [main] org.apache.catalina.startup.VersionLoggerListener.log Command line argument: --add-opens=java.base/java.lang=ALL-UNNAMED
26-Sep-2023 22:34:10.946 INFO [main] org.apache.catalina.startup.VersionLoggerListener.log Command line argument: --add-opens=java.base/java.io=ALL-UNNAMED
26-Sep-2023 22:34:10.947 INFO [main] org.apache.catalina.startup.VersionLoggerListener.log Command line argument: --add-opens=java.base/java.util=ALL-UNNAMED
26-Sep-2023 22:34:10.947 INFO [main] org.apache.catalina.startup.VersionLoggerListener.log Command line argument: --add-opens=java.base/java.util.concurrent=ALL-UNNAMED
26-Sep-2023 22:34:10.947 INFO [main] org.apache.catalina.startup.VersionLoggerListener.log Command line argument: --add-opens=java.rmi/sun.rmi.transport=ALL-UNNAMED
26-Sep-2023 22:34:10.948 INFO [main] org.apache.catalina.startup.VersionLoggerListener.log Command line argument: -Dcatalina.base=C:\DevPrograms\apache-tomcat-10.1.13
26-Sep-2023 22:34:10.948 INFO [main] org.apache.catalina.startup.VersionLoggerListener.log Command line argument: -Dcatalina.home=C:\DevPrograms\apache-tomcat-10.1.13
26-Sep-2023 22:34:10.948 INFO [main] org.apache.catalina.startup.VersionLoggerListener.log Command line argument: -Djava.io.tmpdir=C:\DevPrograms\apache-tomcat-10.1.13\temp
26-Sep-2023 22:34:10.965 INFO [main] org.apache.catalina.core.AprLifecycleListener.lifecycleEvent The Apache Tomcat Native library which allows using OpenSSL was not found on the java.library.path: [C:\Java\jdk20\bin;C:\WINDOWS\Sun\Java\bin;C:\WINDOWS\system32;C:\WINDOWS;C:\Program Files\Common Files\Oracle\Java\javapath;D:\devtools\apache-maven-3.9.2\bin;C:\Windows\system32;C:\Windows;C:\Windows\System32\Wbem;C:\Windows\System32\WindowsPowerShell\v1.0\;C:\Windows\System32\OpenSSH\;C:\Program Files (x86)\NVIDIA Corporation\PhysX\Common;C:\Program Files\NVIDIA Corporation\NVIDIA NvDLISR;C:\WINDOWS\system32;C:\WINDOWS;C:\WINDOWS\System32\Wbem;C:\WINDOWS\System32\WindowsPowerShell\v1.0\;C:\WINDOWS\System32\OpenSSH\;C:\WINDOWS\system32;C:\WINDOWS;C:\WINDOWS\System32\Wbem;C:\WINDOWS\System32\WindowsPowerShell\v1.0\;C:\WINDOWS\System32\OpenSSH\;C:\Java\jdk20\bin;C:\Program Files\Git\cmd;C:\Java\jdk20\bin;C:\Java\jdk20;C:\Program Files\MySQL\MySQL Shell 8.0\bin\;D:\devtools\bin;C:\Program Files\JetBrains\IntelliJ IDEA Community Edition 2020.3.2\bin;;C:\Users\Мария\AppData\Local\Programs\Microsoft VS Code\bin;C:\Java\jdk20\bin;;C:\Program Files\JetBrains\IntelliJ IDEA 2023.2\bin;;.]
26-Sep-2023 22:34:11.435 INFO [main] org.apache.coyote.AbstractProtocol.init Initializing ProtocolHandler ["http-nio-8080"]
26-Sep-2023 22:34:11.472 INFO [main] org.apache.catalina.startup.Catalina.load Server initialization in [864] milliseconds
26-Sep-2023 22:34:11.580 INFO [main] org.apache.catalina.core.StandardService.startInternal Starting service [Catalina]
26-Sep-2023 22:34:11.580 INFO [main] org.apache.catalina.core.StandardEngine.startInternal Starting Servlet engine: [Apache Tomcat/10.1.13]
26-Sep-2023 22:34:11.603 INFO [main] org.apache.catalina.startup.HostConfig.deployDirectory Установка веб приложения в папку [C:\DevPrograms\apache-tomcat-10.1.13\webapps\docs]
26-Sep-2023 22:34:12.179 INFO [main] org.apache.catalina.startup.HostConfig.deployDirectory Deployment of web application directory [C:\DevPrograms\apache-tomcat-10.1.13\webapps\docs] has finished in [570] ms
26-Sep-2023 22:34:12.180 INFO [main] org.apache.catalina.startup.HostConfig.deployDirectory Установка веб приложения в папку [C:\DevPrograms\apache-tomcat-10.1.13\webapps\examples]
26-Sep-2023 22:34:12.860 INFO [main] org.apache.catalina.startup.HostConfig.deployDirectory Deployment of web application directory [C:\DevPrograms\apache-tomcat-10.1.13\webapps\examples] has finished in [679] ms
26-Sep-2023 22:34:12.860 INFO [main] org.apache.catalina.startup.HostConfig.deployDirectory Установка веб приложения в папку [C:\DevPrograms\apache-tomcat-10.1.13\webapps\host-manager]
26-Sep-2023 22:34:12.921 INFO [main] org.apache.catalina.startup.HostConfig.deployDirectory Deployment of web application directory [C:\DevPrograms\apache-tomcat-10.1.13\webapps\host-manager] has finished in [61] ms
26-Sep-2023 22:34:12.922 INFO [main] org.apache.catalina.startup.HostConfig.deployDirectory Установка веб приложения в папку [C:\DevPrograms\apache-tomcat-10.1.13\webapps\manager]
26-Sep-2023 22:34:12.981 INFO [main] org.apache.catalina.startup.HostConfig.deployDirectory Deployment of web application directory [C:\DevPrograms\apache-tomcat-10.1.13\webapps\manager] has finished in [59] ms
26-Sep-2023 22:34:12.982 INFO [main] org.apache.catalina.startup.HostConfig.deployDirectory Установка веб приложения в папку [C:\DevPrograms\apache-tomcat-10.1.13\webapps\ROOT]
26-Sep-2023 22:34:13.012 INFO [main] org.apache.catalina.startup.HostConfig.deployDirectory Deployment of web application directory [C:\DevPrograms\apache-tomcat-10.1.13\webapps\ROOT] has finished in [30] ms
26-Sep-2023 22:34:13.016 INFO [main] org.apache.coyote.AbstractProtocol.start Starting ProtocolHandler ["http-nio-8080"]
26-Sep-2023 22:34:13.082 INFO [main] org.apache.catalina.startup.Catalina.start Server startup in [1607] milliseconds
